# JRE version: OpenJDK Runtime Environment Temurin-17.0.1+12 (17.0.1+12) (build 17.0.1+12)
# Java VM: OpenJDK 64-Bit Server VM Temurin-17.0.1+12 (17.0.1+12, mixed mode, tiered, compressed oops, compressed class ptrs, g1 gc, windows-amd64)
GC Precious Log:
 CPUs: 4 total, 4 available
 Memory: 3971M
 Large Page Support: Disabled
 NUMA Support: Disabled
 Compressed Oops: Enabled (32-bit)
 Heap Region Size: 1M
 Heap Min Capacity: 8M
 Heap Initial Capacity: 64M
 Heap Max Capacity: 994M
 Pre-touch: Disabled
 Parallel Workers: 4
 Concurrent Workers: 1
 Concurrent Refinement Workers: 4
 Periodic GC: Disabled
Heap:
 garbage-first heap   total 235520K, used 62167K [0x00000000c1e00000, 0x0000000100000000)
  region size 1024K, 40 young (40960K), 5 survivors (5120K)
 Metaspace       used 77703K, committed 78208K, reserved 1122304K
  class space    used 9811K, committed 10048K, reserved 1048576K
GC Heap History (20 events):
Event: 2471.086 GC heap before
{Heap before GC invocations=36 (full 2):
 garbage-first heap   total 81920K, used 66660K [0x00000000c1e00000, 0x0000000100000000)
  region size 1024K, 44 young (45056K), 3 survivors (3072K)
 Metaspace       used 75951K, committed 76416K, reserved 1122304K
  class space    used 9703K, committed 9920K, reserved 1048576K
}
Event: 2471.107 GC heap after
{Heap after GC invocations=37 (full 2):
 garbage-first heap   total 81920K, used 27425K [0x00000000c1e00000, 0x0000000100000000)
  region size 1024K, 5 young (5120K), 5 survivors (5120K)
 Metaspace       used 75951K, committed 76416K, reserved 1122304K
  class space    used 9703K, committed 9920K, reserved 1048576K
}
Event: 2476.393 GC heap before
{Heap before GC invocations=37 (full 2):
 garbage-first heap   total 81920K, used 60193K [0x00000000c1e00000, 0x0000000100000000)
  region size 1024K, 38 young (38912K), 5 survivors (5120K)
 Metaspace       used 76172K, committed 76672K, reserved 1122304K
  class space    used 9714K, committed 9920K, reserved 1048576K
}
Event: 2476.958 GC heap after
{Heap after GC invocations=38 (full 3):
 garbage-first heap   total 78848K, used 22397K [0x00000000c1e00000, 0x0000000100000000)
  region size 1024K, 0 young (0K), 0 survivors (0K)
 Metaspace       used 76169K, committed 76672K, reserved 1122304K
  class space    used 9714K, committed 9920K, reserved 1048576K
}
Event: 2477.823 GC heap before
{Heap before GC invocations=38 (full 3):
 garbage-first heap   total 78848K, used 63357K [0x00000000c1e00000, 0x0000000100000000)
  region size 1024K, 41 young (41984K), 0 survivors (0K)
 Metaspace       used 76305K, committed 76800K, reserved 1122304K
  class space    used 9728K, committed 9920K, reserved 1048576K
}
Event: 2477.835 GC heap after
{Heap after GC invocations=39 (full 3):
 garbage-first heap   total 78848K, used 25409K [0x00000000c1e00000, 0x0000000100000000)
  region size 1024K, 3 young (3072K), 3 survivors (3072K)
 Metaspace       used 76305K, committed 76800K, reserved 1122304K
  class space    used 9728K, committed 9920K, reserved 1048576K
}
Event: 2477.843 GC heap before
{Heap before GC invocations=39 (full 3):
 garbage-first heap   total 78848K, used 63297K [0x00000000c1e00000, 0x0000000100000000)
  region size 1024K, 41 young (41984K), 3 survivors (3072K)
 Metaspace       used 76305K, committed 76800K, reserved 1122304K
  class space    used 9728K, committed 9920K, reserved 1048576K
}
Event: 2477.849 GC heap after
{Heap after GC invocations=40 (full 3):
 garbage-first heap   total 183296K, used 25300K [0x00000000c1e00000, 0x0000000100000000)
  region size 1024K, 3 young (3072K), 3 survivors (3072K)
 Metaspace       used 76305K, committed 76800K, reserved 1122304K
  class space    used 9728K, committed 9920K, reserved 1048576K
}
Event: 2480.444 GC heap before
{Heap before GC invocations=40 (full 3):
 garbage-first heap   total 183296K, used 130772K [0x00000000c1e00000, 0x0000000100000000)
  region size 1024K, 107 young (109568K), 3 survivors (3072K)
 Metaspace       used 76999K, committed 77568K, reserved 1122304K
  class space    used 9767K, committed 9984K, reserved 1048576K
}
Event: 2480.508 GC heap after
{Heap after GC invocations=41 (full 3):
 garbage-first heap   total 183296K, used 27648K [0x00000000c1e00000, 0x0000000100000000)
  region size 1024K, 6 young (6144K), 6 survivors (6144K)
 Metaspace       used 76999K, committed 77568K, reserved 1122304K
  class space    used 9767K, committed 9984K, reserved 1048576K
}
Event: 2487.201 GC heap before
{Heap before GC invocations=41 (full 3):
 garbage-first heap   total 183296K, used 44032K [0x00000000c1e00000, 0x0000000100000000)
  region size 1024K, 23 young (23552K), 6 survivors (6144K)
 Metaspace       used 77029K, committed 77568K, reserved 1122304K
  class space    used 9768K, committed 9984K, reserved 1048576K
}
Event: 2487.325 GC heap after
{Heap after GC invocations=42 (full 4):
 garbage-first heap   total 81920K, used 22732K [0x00000000c1e00000, 0x0000000100000000)
  region size 1024K, 0 young (0K), 0 survivors (0K)
 Metaspace       used 77026K, committed 77568K, reserved 1122304K
  class space    used 9768K, committed 9984K, reserved 1048576K
}
Event: 2488.448 GC heap before
{Heap before GC invocations=42 (full 4):
 garbage-first heap   total 81920K, used 64716K [0x00000000c1e00000, 0x0000000100000000)
  region size 1024K, 42 young (43008K), 0 survivors (0K)
 Metaspace       used 77206K, committed 77760K, reserved 1122304K
  class space    used 9783K, committed 10048K, reserved 1048576K
}
Event: 2488.454 GC heap after
{Heap after GC invocations=43 (full 4):
 garbage-first heap   total 81920K, used 25645K [0x00000000c1e00000, 0x0000000100000000)
  region size 1024K, 3 young (3072K), 3 survivors (3072K)
 Metaspace       used 77206K, committed 77760K, reserved 1122304K
  class space    used 9783K, committed 10048K, reserved 1048576K
}
Event: 2488.465 GC heap before
{Heap before GC invocations=43 (full 4):
 garbage-first heap   total 81920K, used 64557K [0x00000000c1e00000, 0x0000000100000000)
  region size 1024K, 42 young (43008K), 3 survivors (3072K)
 Metaspace       used 77206K, committed 77760K, reserved 1122304K
  class space    used 9783K, committed 10048K, reserved 1048576K
}
Event: 2488.467 GC heap after
{Heap after GC invocations=44 (full 4):
 garbage-first heap   total 81920K, used 25672K [0x00000000c1e00000, 0x0000000100000000)
  region size 1024K, 3 young (3072K), 3 survivors (3072K)
 Metaspace       used 77206K, committed 77760K, reserved 1122304K
  class space    used 9783K, committed 10048K, reserved 1048576K
}
Event: 2488.474 GC heap before
{Heap before GC invocations=44 (full 4):
 garbage-first heap   total 81920K, used 65608K [0x00000000c1e00000, 0x0000000100000000)
  region size 1024K, 43 young (44032K), 3 survivors (3072K)
 Metaspace       used 77206K, committed 77760K, reserved 1122304K
  class space    used 9783K, committed 10048K, reserved 1048576K
}
Event: 2488.479 GC heap after
{Heap after GC invocations=45 (full 4):
 garbage-first heap   total 81920K, used 25581K [0x00000000c1e00000, 0x0000000100000000)
  region size 1024K, 3 young (3072K), 3 survivors (3072K)
 Metaspace       used 77206K, committed 77760K, reserved 1122304K
  class space    used 9783K, committed 10048K, reserved 1048576K
}
Event: 2489.238 GC heap before
{Heap before GC invocations=45 (full 4):
 garbage-first heap   total 81920K, used 66541K [0x00000000c1e00000, 0x0000000100000000)
  region size 1024K, 44 young (45056K), 3 survivors (3072K)
 Metaspace       used 77503K, committed 78080K, reserved 1122304K
  class space    used 9798K, committed 10048K, reserved 1048576K
}
Event: 2489.258 GC heap after
{Heap after GC invocations=46 (full 4):
 garbage-first heap   total 235520K, used 27351K [0x00000000c1e00000, 0x0000000100000000)
  region size 1024K, 5 young (5120K), 5 survivors (5120K)
 Metaspace       used 77503K, committed 78080K, reserved 1122304K
  class space    used 9798K, committed 10048K, reserved 1048576K
}

